CandyCat/proguard/seeds.txt
com.embedstudios.candycat.CandyLevel
com.embedstudios.candycat.MainMenu
com.embedstudios.candycat.HorizontalListViewDemo
...
com.scoreloop.client.android.ui.component.score.ScoreListItem
com.scoreloop.client.android.ui.component.score.ScoreListItem: boolean _isEnabled
com.scoreloop.client.android.ui.component.score.ScoreListItem: ScoreListItem(com.scoreloop.client.android.ui.component.base.ComponentActivity,com.scoreloop.client.android.core.model.Score,boolean)
com.scoreloop.client.android.ui.component.score.ScoreListItem: java.lang.String getImageUrl()
com.scoreloop.client.android.ui.component.score.ScoreListItem: int getLayoutId()
com.scoreloop.client.android.ui.component.score.ScoreListItem: int getSubTitleId()
com.scoreloop.client.android.ui.component.score.ScoreListItem: int getTitleId()
com.scoreloop.client.android.ui.component.score.ScoreListItem: int getType()
com.scoreloop.client.android.ui.component.score.ScoreListItem: android.graphics.drawable.Drawable getDrawable()
com.scoreloop.client.android.ui.component.score.ScoreListItem: boolean isEnabled()
com.scoreloop.client.android.ui.component.base.StandardListItem: com.scoreloop.client.android.ui.component.base.StandardListItem$StandardViewHolder _holder
com.scoreloop.client.android.ui.component.base.StandardListItem: java.lang.String _subTitel
com.scoreloop.client.android.ui.component.base.StandardListItem: java.lang.String _subTitle2
com.scoreloop.client.android.ui.component.base.StandardListItem: java.lang.Object _target
com.scoreloop.client.android.ui.component.base.StandardListItem: StandardListItem(com.scoreloop.client.android.ui.component.base.ComponentActivity,android.graphics.drawable.Drawable,java.lang.String,java.lang.String,java.lang.Object)
com.scoreloop.client.android.ui.component.base.StandardListItem: StandardListItem(com.scoreloop.client.android.ui.component.base.ComponentActivity,java.lang.Object)
com.scoreloop.client.android.ui.component.base.StandardListItem: com.scoreloop.client.android.ui.component.base.StandardListItem$StandardViewHolder createViewHolder()
com.scoreloop.client.android.ui.component.base.StandardListItem: void fillViewHolder(android.view.View,com.scoreloop.client.android.ui.component.base.StandardListItem$StandardViewHolder)
com.scoreloop.client.android.ui.component.base.StandardListItem: com.scoreloop.client.android.ui.component.base.ComponentActivity getComponentActivity()
com.scoreloop.client.android.ui.component.base.StandardListItem: int getIconId()
com.scoreloop.client.android.ui.framework.BaseListItem: android.content.Context _context
com.scoreloop.client.android.ui.framework.BaseListItem: android.graphics.drawable.Drawable _drawable
com.scoreloop.client.android.ui.framework.BaseListItem: android.view.LayoutInflater _layoutInflater
com.scoreloop.client.android.ui.framework.BaseListItem: java.lang.String _title
com.scoreloop.client.android.ui.framework.BaseListItem: BaseListItem(android.content.Context,android.graphics.drawable.Drawable,java.lang.String)
com.scoreloop.client.android.ui.framework.BaseListItem: android.content.Context getContext()
com.scoreloop.client.android.ui.framework.BaseListItem: android.graphics.drawable.Drawable getDrawable()
com.scoreloop.client.android.ui.framework.BaseListItem: android.view.LayoutInflater getLayoutInflater()
com.scoreloop.client.android.ui.framework.BaseListItem: void setTitle(java.lang.String)
com.scoreloop.client.android.ui.framework.BaseListItem: java.lang.String getTitle()
com.scoreloop.client.android.ui.framework.BaseListItem: int getType()
com.scoreloop.client.android.ui.framework.BaseListItem: android.view.View getView(android.view.View,android.view.ViewGroup)
com.scoreloop.client.android.ui.framework.BaseListItem: boolean isEnabled()
com.scoreloop.client.android.ui.framework.BaseListItem: void setDrawable(android.graphics.drawable.Drawable)