CandyCat/proguard/mapping.txt
com.embedstudios.candycat.CandyAdvertisement -> com.embedstudios.candycat.k:
    android.app.Activity activity -> b
    int advertisementId -> c
    android.os.Handler adsHandler -> a
    com.google.ads.AdView adView -> d
    android.view.animation.Animation in -> e
    android.view.animation.Animation out -> f
    java.lang.String TAG -> g
    void access$1(com.embedstudios.candycat.CandyAdvertisement) -> a
com.embedstudios.candycat.CandyAdvertisement$ShowAdsRunnable -> com.embedstudios.candycat.l:
    com.embedstudios.candycat.CandyAdvertisement this$0 -> a
    void run() -> run
com.embedstudios.candycat.CandyAnimatedSprite -> com.embedstudios.candycat.j:
    int index -> a
    int type -> d
    org.anddev.andengine.entity.layer.tiled.tmx.TMXLayer tmxLayer -> e
    int[][] objectArray -> f
    int[][] backgroundArray -> g
    int candyLastMove -> h
    int candyRotationState -> i
    int lastDirectionalMove -> j
    boolean hasModifier -> b
    boolean blowUp -> c
    long[] catDurations -> k
    int[] catFrames -> l
    int SPEED -> m
    long[] frameArray -> n
    int initialRow -> o
    int initialColumn -> p
    boolean move(int,int,int[][]) -> a
    void onPathStarted(org.anddev.andengine.entity.modifier.PathModifier,org.anddev.andengine.entity.IEntity) -> onPathStarted
    void onPathWaypointStarted(org.anddev.andengine.entity.modifier.PathModifier,org.anddev.andengine.entity.IEntity,int) -> onPathWaypointStarted
    void onPathWaypointFinished(org.anddev.andengine.entity.modifier.PathModifier,org.anddev.andengine.entity.IEntity,int) -> onPathWaypointFinished
    void onPathFinished(org.anddev.andengine.entity.modifier.PathModifier,org.anddev.andengine.entity.IEntity) -> onPathFinished
    boolean moveRight() -> a
    boolean moveLeft() -> b
    boolean moveUp() -> c
    boolean moveDown() -> d
    boolean fall(int) -> a
    void showCandyAnim() -> e
    void showBombAnim() -> f
    void reset() -> reset
    org.anddev.andengine.entity.layer.tiled.tmx.TMXLayer access$0(com.embedstudios.candycat.CandyAnimatedSprite) -> a
com.embedstudios.candycat.CandyAnimatedSprite$1 -> com.embedstudios.candycat.h:
    com.embedstudios.candycat.CandyAnimatedSprite this$0 -> a
    void onAnimationEnd(org.anddev.andengine.entity.sprite.AnimatedSprite) -> onAnimationEnd
com.embedstudios.candycat.CandyEngine -> com.embedstudios.candycat.i:
    java.util.ArrayList spriteList -> b
    java.util.ArrayList enemyList -> c
    java.util.ArrayList gravityList -> d
    int[][] objectArray -> e
    int[][] backgroundArray -> f
    int[][] originalBackgroundArray -> g
    com.embedstudios.candycat.CandyAnimatedSprite cat -> a
    com.embedstudios.candycat.CandyAnimatedSprite candy -> h
    int catIndex -> i
    int candyIndex -> j
    com.embedstudios.candycat.CandyLevel candyLevel -> k
    boolean win -> l
    boolean death -> m
    void left() -> a
    void right() -> b
    void up() -> c
    void down() -> d
    void settle() -> f
    int getObjectLeft(int) -> a
    int getObjectRight(int) -> b
    int getObjectTop(int) -> c
    int getObjectBottom(int) -> d
    int getObjectBottom(int,int) -> a
    int getObject(int,int,int,int) -> a
    int getBackgroundLeft(int) -> e
    int getBackgroundRight(int) -> f
    int getBackgroundTop(int) -> g
    int getBackgroundBottom(int) -> h
    int getBackgroundBottom(int,int) -> b
    int getBackground(int,int,int,int) -> b
    void logArray$552c4e01() -> g
    void pause$13462e() -> h
    void resetLevel() -> e
...
com.scoreloop.client.android.core.spi.myspace.c -> com.scoreloop.client.android.core.spi.myspace.j:
    com.scoreloop.client.android.core.spi.myspace.c$a a -> a
    void onStart() -> onStart
    com.scoreloop.client.android.core.spi.myspace.c$a a(com.scoreloop.client.android.core.spi.myspace.c) -> a
com.scoreloop.client.android.core.spi.myspace.c$1 -> com.scoreloop.client.android.core.spi.myspace.a:
    com.scoreloop.client.android.core.spi.myspace.c a -> a
    void onCancel(android.content.DialogInterface) -> onCancel
com.scoreloop.client.android.core.spi.myspace.c$2 -> com.scoreloop.client.android.core.spi.myspace.b:
    android.widget.EditText a -> a
    android.widget.EditText b -> b
    com.scoreloop.client.android.core.spi.myspace.c c -> c
    void onClick(android.view.View) -> onClick
com.scoreloop.client.android.core.spi.myspace.c$a -> com.scoreloop.client.android.core.spi.myspace.c:
    void a(java.lang.String,java.lang.String) -> a
    void a() -> a
com.scoreloop.client.android.core.spi.oauthfacebook.OAuthFacebookSocialProvider -> com.scoreloop.client.android.core.spi.oauthfacebook.OAuthFacebookSocialProvider:
    java.lang.Class b() -> b
    java.lang.String getIdentifier() -> getIdentifier
com.scoreloop.client.android.core.spi.oauthfacebook.OAuthFacebookSocialProviderController -> com.scoreloop.client.android.core.spi.oauthfacebook.OAuthFacebookSocialProviderController:
    java.lang.String[] b -> b
    void a() -> a
    com.scoreloop.client.android.core.spi.oauthfacebook.OAuthFacebookSocialProvider f() -> f
    com.scoreloop.client.android.core.controller.SocialProviderControllerObserver a(com.scoreloop.client.android.core.spi.oauthfacebook.OAuthFacebookSocialProviderController) -> a
    com.scoreloop.client.android.core.model.User b(com.scoreloop.client.android.core.spi.oauthfacebook.OAuthFacebookSocialProviderController) -> b
    com.scoreloop.client.android.core.spi.oauthfacebook.OAuthFacebookSocialProvider c(com.scoreloop.client.android.core.spi.oauthfacebook.OAuthFacebookSocialProviderController) -> c
    void a(com.scoreloop.client.android.core.spi.oauthfacebook.OAuthFacebookSocialProviderController,com.scoreloop.client.android.core.controller.SocialProviderController$UpdateMode) -> a
    com.scoreloop.client.android.core.controller.SocialProviderControllerObserver d(com.scoreloop.client.android.core.spi.oauthfacebook.OAuthFacebookSocialProviderController) -> d
    com.scoreloop.client.android.core.controller.SocialProviderControllerObserver e(com.scoreloop.client.android.core.spi.oauthfacebook.OAuthFacebookSocialProviderController) -> e
com.scoreloop.client.android.core.spi.oauthfacebook.OAuthFacebookSocialProviderController$1 -> com.scoreloop.client.android.core.spi.oauthfacebook.a:
    com.facebook.android.b a -> a
    com.scoreloop.client.android.core.spi.oauthfacebook.OAuthFacebookSocialProviderController b -> b
    void a() -> a
    void a(android.os.Bundle) -> a
    void a(com.facebook.android.a) -> a
    void a(com.facebook.android.c) -> a
com.scoreloop.client.android.core.spi.twitter.TwitterSocialProvider -> com.scoreloop.client.android.core.spi.twitter.TwitterSocialProvider:
    java.lang.Class b() -> b
    java.lang.String getIdentifier() -> getIdentifier
com.scoreloop.client.android.core.spi.twitter.TwitterSocialProviderController -> com.scoreloop.client.android.core.spi.twitter.TwitterSocialProviderController:
    com.scoreloop.client.android.core.spi.twitter.b b -> b
    com.scoreloop.client.android.core.spi.twitter.c c -> c
    com.scoreloop.client.android.core.spi.twitter.b d -> d
    void a() -> a
    void a(com.scoreloop.client.android.core.spi.AuthRequest) -> a
    void a(com.scoreloop.client.android.core.spi.AuthRequest,java.lang.Throwable) -> a
    void b() -> b
    void a(java.lang.Throwable) -> a
    void c() -> c
    void b_() -> b_