CandyCat/proguard/usage.txt
com.embedstudios.candycat.CandyAdvertisement:
    54:57:private void unshowAds()
    78:79:public void hideAdvertisement()
    53:53:static void access$0(com.embedstudios.candycat.CandyAdvertisement)
com.embedstudios.candycat.CandyAdvertisement$UnshowAdsRunnable
com.embedstudios.candycat.CandyAnimatedSprite:
    public static final java.lang.String TAG
com.embedstudios.candycat.CandyEngine:
    public static final int EDGE
    public static final int NO_OBJECT
    public static final int EMPTY_TILE
    public static final int WALL
    public static final int PIPE_LEFT
    public static final int PIPE_RIGHT
    public static final int LASER_HORIZONTAL
    public static final int LASER_VERTICAL
    public static final int LASER_CROSS
    public static final int TELEPORTER_IN
    public static final int TELEPORTER_OUT
    public static final int WALL_ICE
    public static final int PIPE_LEFT_ICE
    public static final int PIPE_RIGHT_ICE
    public static final int WALL_LAVA
    private static final java.lang.String TAG
com.embedstudios.candycat.CandyLevel:
    static final int CANDY
    static final int CAT
    static final int BOX
    static final int BOMB
    static final int ENEMY
    static final int MOVABLE_WALL
    static final int INERTIA_WALL
    public static final java.lang.String TAG
    public static final int CAMERA_SPEED
    public static final long TAP_THRESHOLD
com.embedstudios.candycat.CandyUtils:
    public static final java.lang.String TAG
com.embedstudios.candycat.LoadTask
com.embedstudios.candycat.MainMenu:
    public static final java.lang.String TAG
com.embedstudios.candycat.R
com.embedstudios.candycat.R$anim
com.embedstudios.candycat.R$attr
com.embedstudios.candycat.R$color
com.embedstudios.candycat.R$dimen
com.embedstudios.candycat.R$drawable
com.embedstudios.candycat.R$id
com.embedstudios.candycat.R$layout
com.embedstudios.candycat.R$menu
com.embedstudios.candycat.R$string
com.embedstudios.candycat.R$style
com.embedstudios.candycat.SplashTask:
    private static final int LOGO_DURATION
    public static final java.lang.String TAG
com.embedstudios.candycat.SpriteMover
...
com.devsmart.android.ui.HorizontialListView:
    278:280:public synchronized void scrollTo(int)
com.scoreloop.client.android.core.controller.d:
    public java.lang.String getDescription()
com.scoreloop.client.android.core.server.b:
    private static final long serialVersionUID
com.scoreloop.client.android.core.server.c:
    private static final long serialVersionUID
com.scoreloop.client.android.core.server.d:
    private static final long serialVersionUID
com.scoreloop.client.android.core.util.Cache$1:
    private static final long serialVersionUID
com.scoreloop.client.android.ui.StandardScoreloopManager:
    private static final java.lang.String PREFERENCES_ENTRY_USER_IMAGE_URL
    private static final java.lang.String PREFERENCES_ENTRY_USER_NAME
    private static final java.lang.String PREFERENCES_NAME
com.scoreloop.client.android.ui.StandardScoreloopManager$Checker:
    private static final java.lang.String SCORELOOP_UI
com.scoreloop.client.android.ui.StandardScoreloopManager$VerifyException:
    private static final long serialVersionUID
com.scoreloop.client.android.ui.component.base.Configuration$ConfigurationException:
    private static final java.lang.String SCORELOOP_UI
    private static final long serialVersionUID
com.scoreloop.client.android.ui.util.Base64$OutputStream:
    465:466:public void resumeEncoding()
    477:479:public void suspendEncoding()
com.scoreloop.client.android.ui.util.Cache$2:
    private static final long serialVersionUID
org.anddev.andengine.opengl.view.GLSurfaceView$GLThread:
    662:662:public int getRenderMode()
org.anddev.andengine.opengl.view.LogWriter
org.anddev.andengine.util.Base64$Decoder:
    private static final int SKIP
    private static final int EQUALS
org.anddev.andengine.util.Base64$Encoder:
    public static final int LINE_GROUPS